{"/Users/nattawut/github/unittest-js-with-mocha-webpack/lib/rectangle.js":{"path":"/Users/nattawut/github/unittest-js-with-mocha-webpack/lib/rectangle.js","s":{"1":10,"2":10,"3":4,"4":12,"5":1,"6":11,"7":4,"8":12,"9":1,"10":11,"11":1,"12":1,"13":1,"14":1,"15":1},"b":{"1":[1,11],"2":[1,11]},"f":{"1":10,"2":4,"3":12,"4":4,"5":12,"6":1,"7":1,"8":1,"9":1},"fnMap":{"1":{"name":"(anonymous_1)","line":10,"loc":{"start":{"line":10,"column":13},"end":{"line":10,"column":29}}},"2":{"name":"(anonymous_2)","line":24,"loc":{"start":{"line":24,"column":12},"end":{"line":24,"column":15}}},"3":{"name":"(anonymous_3)","line":35,"loc":{"start":{"line":35,"column":12},"end":{"line":35,"column":20}}},"4":{"name":"(anonymous_4)","line":43,"loc":{"start":{"line":43,"column":11},"end":{"line":43,"column":14}}},"5":{"name":"(anonymous_5)","line":47,"loc":{"start":{"line":47,"column":11},"end":{"line":47,"column":19}}},"6":{"name":"(anonymous_6)","line":56,"loc":{"start":{"line":56,"column":10},"end":{"line":56,"column":13}}},"7":{"name":"(anonymous_7)","line":60,"loc":{"start":{"line":60,"column":10},"end":{"line":60,"column":18}}},"8":{"name":"(anonymous_8)","line":65,"loc":{"start":{"line":65,"column":19},"end":{"line":65,"column":22}}},"9":{"name":"(anonymous_9)","line":69,"loc":{"start":{"line":69,"column":19},"end":{"line":69,"column":27}}}},"statementMap":{"1":{"start":{"line":11,"column":4},"end":{"line":11,"column":23}},"2":{"start":{"line":12,"column":4},"end":{"line":12,"column":25}},"3":{"start":{"line":25,"column":4},"end":{"line":25,"column":24}},"4":{"start":{"line":36,"column":4},"end":{"line":38,"column":5}},"5":{"start":{"line":37,"column":6},"end":{"line":37,"column":52}},"6":{"start":{"line":40,"column":4},"end":{"line":40,"column":25}},"7":{"start":{"line":44,"column":4},"end":{"line":44,"column":23}},"8":{"start":{"line":48,"column":4},"end":{"line":50,"column":5}},"9":{"start":{"line":49,"column":6},"end":{"line":49,"column":51}},"10":{"start":{"line":52,"column":4},"end":{"line":52,"column":24}},"11":{"start":{"line":57,"column":4},"end":{"line":57,"column":36}},"12":{"start":{"line":61,"column":4},"end":{"line":61,"column":40}},"13":{"start":{"line":66,"column":4},"end":{"line":66,"column":44}},"14":{"start":{"line":70,"column":4},"end":{"line":70,"column":49}},"15":{"start":{"line":76,"column":0},"end":{"line":76,"column":27}}},"branchMap":{"1":{"line":36,"type":"if","locations":[{"start":{"line":36,"column":4},"end":{"line":36,"column":4}},{"start":{"line":36,"column":4},"end":{"line":36,"column":4}}]},"2":{"line":48,"type":"if","locations":[{"start":{"line":48,"column":4},"end":{"line":48,"column":4}},{"start":{"line":48,"column":4},"end":{"line":48,"column":4}}]}}}}