{"/Users/nattawut/github/unittest-js-with-mocha-webpack/lib/rectangle.js":{"path":"/Users/nattawut/github/unittest-js-with-mocha-webpack/lib/rectangle.js","s":{"1":3,"2":3,"3":0,"4":3,"5":0,"6":3,"7":3,"8":5,"9":0,"10":5,"11":0,"12":0,"13":1},"b":{"1":[0,3],"2":[0,5]},"f":{"1":3,"2":0,"3":3,"4":3,"5":5,"6":0,"7":0},"fnMap":{"1":{"name":"(anonymous_1)","line":10,"loc":{"start":{"line":10,"column":13},"end":{"line":10,"column":29}}},"2":{"name":"(anonymous_2)","line":24,"loc":{"start":{"line":24,"column":12},"end":{"line":24,"column":15}}},"3":{"name":"(anonymous_3)","line":35,"loc":{"start":{"line":35,"column":12},"end":{"line":35,"column":20}}},"4":{"name":"(anonymous_4)","line":43,"loc":{"start":{"line":43,"column":11},"end":{"line":43,"column":14}}},"5":{"name":"(anonymous_5)","line":47,"loc":{"start":{"line":47,"column":11},"end":{"line":47,"column":19}}},"6":{"name":"(anonymous_6)","line":56,"loc":{"start":{"line":56,"column":10},"end":{"line":56,"column":13}}},"7":{"name":"(anonymous_7)","line":61,"loc":{"start":{"line":61,"column":19},"end":{"line":61,"column":22}}}},"statementMap":{"1":{"start":{"line":11,"column":4},"end":{"line":11,"column":23}},"2":{"start":{"line":12,"column":4},"end":{"line":12,"column":25}},"3":{"start":{"line":25,"column":4},"end":{"line":25,"column":24}},"4":{"start":{"line":36,"column":4},"end":{"line":38,"column":5}},"5":{"start":{"line":37,"column":6},"end":{"line":37,"column":52}},"6":{"start":{"line":40,"column":4},"end":{"line":40,"column":25}},"7":{"start":{"line":44,"column":4},"end":{"line":44,"column":23}},"8":{"start":{"line":48,"column":4},"end":{"line":50,"column":5}},"9":{"start":{"line":49,"column":6},"end":{"line":49,"column":51}},"10":{"start":{"line":52,"column":4},"end":{"line":52,"column":24}},"11":{"start":{"line":57,"column":4},"end":{"line":57,"column":36}},"12":{"start":{"line":62,"column":4},"end":{"line":62,"column":44}},"13":{"start":{"line":68,"column":0},"end":{"line":68,"column":27}}},"branchMap":{"1":{"line":36,"type":"if","locations":[{"start":{"line":36,"column":4},"end":{"line":36,"column":4}},{"start":{"line":36,"column":4},"end":{"line":36,"column":4}}]},"2":{"line":48,"type":"if","locations":[{"start":{"line":48,"column":4},"end":{"line":48,"column":4}},{"start":{"line":48,"column":4},"end":{"line":48,"column":4}}]}}}}