TN:
SF:/Users/nattawut/github/unittest-js-with-mocha-webpack/lib/rectangle.js
FN:10,(anonymous_1)
FN:24,(anonymous_2)
FN:35,(anonymous_3)
FN:43,(anonymous_4)
FN:47,(anonymous_5)
FN:56,(anonymous_6)
FN:60,(anonymous_7)
FN:65,(anonymous_8)
FN:69,(anonymous_9)
FNF:9
FNH:9
FNDA:10,(anonymous_1)
FNDA:4,(anonymous_2)
FNDA:12,(anonymous_3)
FNDA:4,(anonymous_4)
FNDA:12,(anonymous_5)
FNDA:1,(anonymous_6)
FNDA:1,(anonymous_7)
FNDA:1,(anonymous_8)
FNDA:1,(anonymous_9)
DA:11,10
DA:12,10
DA:25,4
DA:36,12
DA:37,1
DA:40,11
DA:44,4
DA:48,12
DA:49,1
DA:52,11
DA:57,1
DA:61,1
DA:66,1
DA:70,1
DA:76,1
LF:15
LH:15
BRDA:36,1,0,1
BRDA:36,1,1,11
BRDA:48,2,0,1
BRDA:48,2,1,11
BRF:4
BRH:4
end_of_record
