TN:
SF:/Users/nattawut/github/unittest-js-with-mocha-webpack/lib/rectangle.js
FN:10,(anonymous_1)
FN:24,(anonymous_2)
FN:35,(anonymous_3)
FN:43,(anonymous_4)
FN:47,(anonymous_5)
FN:56,(anonymous_6)
FN:61,(anonymous_7)
FNF:7
FNH:4
FNDA:3,(anonymous_1)
FNDA:0,(anonymous_2)
FNDA:3,(anonymous_3)
FNDA:3,(anonymous_4)
FNDA:5,(anonymous_5)
FNDA:0,(anonymous_6)
FNDA:0,(anonymous_7)
DA:11,3
DA:12,3
DA:25,0
DA:36,3
DA:37,0
DA:40,3
DA:44,3
DA:48,5
DA:49,0
DA:52,5
DA:57,0
DA:62,0
DA:68,1
LF:13
LH:8
BRDA:36,1,0,0
BRDA:36,1,1,3
BRDA:48,2,0,0
BRDA:48,2,1,5
BRF:4
BRH:2
end_of_record
